NOTE: Copyright (c) 2016 by SAS Institute Inc., Cary, NC, USA.
NOTE: SAS (r) Proprietary Software 9.4 (TS1M7)
      Licensed to NEW YORK UNIVERSITY - T&R - SFA, Site 70278237.
NOTE: This session is executing on the X64_DSRV19  platform.



NOTE: Analytical products:

      SAS/STAT 15.2
      SAS/ETS 15.2
      SAS/OR 15.2
      SAS/IML 15.2
      SAS/QC 15.2

NOTE: Additional host information:

 X64_DSRV19 WIN 10.0.17763  Server

NOTE: SAS initialization used:
      real time           5.02 seconds
      cpu time            1.26 seconds

1    libname lin "C:\Users\PhotonUser\My Files\Google Drive\My Drive\Project";
NOTE: Libref LIN was successfully assigned as follows:
      Engine:        V9
      Physical Name: C:\Users\PhotonUser\My Files\Google Drive\My Drive\Project
2    data lin.employee_donations;
3        infile datalines truncover;
4        input Emp_ID 7-12
5              Qtr1_Donation 28-29
6              Qtr2_Donation 46-47
7              Qtr3_Donation 66-67
8              Qtr4_Donation 84-85
9              Paid_By $ 90-109;
10   datalines;

NOTE: The data set LIN.EMPLOYEE_DONATIONS has 124 observations and 6 variables.
NOTE: DATA statement used (Total process time):
      real time           0.28 seconds
      cpu time            0.01 seconds


135  ;
136  Proc Print data=lin.employee_donations;title 'Employee_Donations';
NOTE: Writing HTML Body file: sashtml.htm
137  run;

NOTE: There were 124 observations read from the data set LIN.EMPLOYEE_DONATIONS.
NOTE: PROCEDURE PRINT used (Total process time):
      real time           0.64 seconds
      cpu time            0.31 seconds


138
139
140  libname lin "C:\Users\PhotonUser\My Files\Google Drive\My Drive\Project";
NOTE: Libref LIN was successfully assigned as follows:
      Engine:        V9
      Physical Name: C:\Users\PhotonUser\My Files\Google Drive\My Drive\Project
141  data lin.employee_addresses;
142  infile 'C:\Users\PhotonUser\My Files\Google Drive\My Drive\Project\employee_addresses.txt' truncover firstobs=2;
143  input Employee_ID 7-12
144        Employee_Name $ 18-48
145        Street_ID 49-58
146        Street_Number 63-76
147        Street_Name $ 83-116
148        City $ 117-131
149        State $ 132-136
150        Country $ 140-143;

NOTE: The infile 'C:\Users\PhotonUser\My Files\Google Drive\My Drive\Project\employee_addresses.txt' is:
      Filename=C:\Users\PhotonUser\My Files\Google Drive\My Drive\Project\employee_addresses.txt,
      RECFM=V,LRECL=32767,File Size (bytes)=60780,
      Last Modified=14Oct2023:18:46:21,
      Create Time=14Oct2023:18:50:49

NOTE: 424 records were read from the infile 'C:\Users\PhotonUser\My Files\Google Drive\My Drive\Project\employee_addresses.txt'.
      The minimum record length was 141.
      The maximum record length was 141.
NOTE: The data set LIN.EMPLOYEE_ADDRESSES has 424 observations and 8 variables.
NOTE: DATA statement used (Total process time):
      real time           0.61 seconds
      cpu time            0.03 seconds


151  proc print data=lin.employee_addresses;title 'Employee_Addresses';
152  run;

NOTE: There were 424 observations read from the data set LIN.EMPLOYEE_ADDRESSES.
NOTE: PROCEDURE PRINT used (Total process time):
      real time           0.22 seconds
      cpu time            0.21 seconds


153
154  libname lin "C:\Users\PhotonUser\My Files\Google Drive\My Drive\Project";
NOTE: Libref LIN was successfully assigned as follows:
      Engine:        V9
      Physical Name: C:\Users\PhotonUser\My Files\Google Drive\My Drive\Project
155  data lin.employee_payrolls;
156  infile 'C:\Users\PhotonUser\My Files\Google Drive\My Drive\Project\employeepayroll.csv' dsd missover delimiter=',' firstobs=2
156! ;
157  input Employee_ID Employee_Gender :$2. Salary Birth_Date :anydtdte. Employee_Hire_Date :anydtdte. Employee_Term_Date
157! :anydtdte.
158  Martial_Status :$2. Dependents;

NOTE: The infile 'C:\Users\PhotonUser\My Files\Google Drive\My Drive\Project\employeepayroll.csv' is:
      Filename=C:\Users\PhotonUser\My Files\Google Drive\My Drive\Project\employeepayroll.csv,
      RECFM=V,LRECL=32767,File Size (bytes)=17985,
      Last Modified=14Oct2023:18:47:31,
      Create Time=14Oct2023:18:50:51

NOTE: 424 records were read from the infile 'C:\Users\PhotonUser\My Files\Google Drive\My Drive\Project\employeepayroll.csv'.
      The minimum record length was 37.
      The maximum record length was 47.
NOTE: The data set LIN.EMPLOYEE_PAYROLLS has 424 observations and 8 variables.
NOTE: DATA statement used (Total process time):
      real time           0.56 seconds
      cpu time            0.00 seconds


159  proc print data=lin.employee_payrolls;title 'Employee_Payrolls';
160  run;

NOTE: There were 424 observations read from the data set LIN.EMPLOYEE_PAYROLLS.
NOTE: PROCEDURE PRINT used (Total process time):
      real time           0.22 seconds
      cpu time            0.20 seconds


161
162  libname lin "C:\Users\PhotonUser\My Files\Google Drive\My Drive\Project";
NOTE: Libref LIN was successfully assigned as follows:
      Engine:        V9
      Physical Name: C:\Users\PhotonUser\My Files\Google Drive\My Drive\Project
163  data employee_donations;
164  set lin.employee_donations(rename=(Emp_ID=Employee_ID));

NOTE: There were 124 observations read from the data set LIN.EMPLOYEE_DONATIONS.
NOTE: The data set WORK.EMPLOYEE_DONATIONS has 124 observations and 6 variables.
NOTE: DATA statement used (Total process time):
      real time           0.01 seconds
      cpu time            0.00 seconds


165  proc sort; by Employee_ID;
166  run;

NOTE: There were 124 observations read from the data set WORK.EMPLOYEE_DONATIONS.
NOTE: The data set WORK.EMPLOYEE_DONATIONS has 124 observations and 6 variables.
NOTE: PROCEDURE SORT used (Total process time):
      real time           0.02 seconds
      cpu time            0.00 seconds


167  data employee_addresses;
168  set lin.employee_addresses;

NOTE: There were 424 observations read from the data set LIN.EMPLOYEE_ADDRESSES.
NOTE: The data set WORK.EMPLOYEE_ADDRESSES has 424 observations and 8 variables.
NOTE: DATA statement used (Total process time):
      real time           0.02 seconds
      cpu time            0.03 seconds


169  proc sort; by Employee_ID;
170  run;

NOTE: There were 424 observations read from the data set WORK.EMPLOYEE_ADDRESSES.
NOTE: The data set WORK.EMPLOYEE_ADDRESSES has 424 observations and 8 variables.
NOTE: PROCEDURE SORT used (Total process time):
      real time           0.01 seconds
      cpu time            0.01 seconds


171  data employee_payrolls;
172  set lin.employee_payrolls;

NOTE: There were 424 observations read from the data set LIN.EMPLOYEE_PAYROLLS.
NOTE: The data set WORK.EMPLOYEE_PAYROLLS has 424 observations and 8 variables.
NOTE: DATA statement used (Total process time):
      real time           0.02 seconds
      cpu time            0.03 seconds


173  proc sort; by Employee_ID;
174  run;

NOTE: There were 424 observations read from the data set WORK.EMPLOYEE_PAYROLLS.
NOTE: The data set WORK.EMPLOYEE_PAYROLLS has 424 observations and 8 variables.
NOTE: PROCEDURE SORT used (Total process time):
      real time           0.01 seconds
      cpu time            0.00 seconds


175  data lin.merge_all_employees;
176  merge employee_donations(in=d) employee_addresses(in=a) employee_payrolls(in=p);
177  by Employee_ID;
178  if d and a and p;

NOTE: There were 124 observations read from the data set WORK.EMPLOYEE_DONATIONS.
NOTE: There were 424 observations read from the data set WORK.EMPLOYEE_ADDRESSES.
NOTE: There were 424 observations read from the data set WORK.EMPLOYEE_PAYROLLS.
NOTE: The data set LIN.MERGE_ALL_EMPLOYEES has 124 observations and 20 variables.
NOTE: DATA statement used (Total process time):
      real time           0.17 seconds
      cpu time            0.01 seconds


179  proc print data=lin.merge_all_employees;title 'Merged_All_Employees';
180  run;

NOTE: There were 124 observations read from the data set LIN.MERGE_ALL_EMPLOYEES.
NOTE: PROCEDURE PRINT used (Total process time):
      real time           0.11 seconds
      cpu time            0.07 seconds


181
182  libname lin "C:\Users\PhotonUser\My Files\Google Drive\My Drive\Project";
NOTE: Libref LIN was successfully assigned as follows:
      Engine:        V9
      Physical Name: C:\Users\PhotonUser\My Files\Google Drive\My Drive\Project
183  data lin.drop_all_streets;
184  set lin.merge_all_employees(drop = Street_ID Street_Number Street_Name);

NOTE: There were 124 observations read from the data set LIN.MERGE_ALL_EMPLOYEES.
NOTE: The data set LIN.DROP_ALL_STREETS has 124 observations and 17 variables.
NOTE: DATA statement used (Total process time):
      real time           0.15 seconds
      cpu time            0.01 seconds


185  proc print data = lin.drop_all_streets;title 'drop_all_streets';
186  run;

NOTE: There were 124 observations read from the data set LIN.DROP_ALL_STREETS.
NOTE: PROCEDURE PRINT used (Total process time):
      real time           0.09 seconds
      cpu time            0.07 seconds


187
188  libname lin "C:\Users\PhotonUser\My Files\Google Drive\My Drive\Project";
NOTE: Libref LIN was successfully assigned as follows:
      Engine:        V9
      Physical Name: C:\Users\PhotonUser\My Files\Google Drive\My Drive\Project
189  data lin.add_total_donations;
190  set lin.merge_all_employees;
191  Total_Donations = Qtr1_Donation + Qtr2_Donation + Qtr3_Donation + Qtr4_Donation;

NOTE: Missing values were generated as a result of performing an operation on missing values.
      Each place is given by: (Number of times) at (Line):(Column).
      30 at 191:33   2 at 191:49    4 at 191:65
NOTE: There were 124 observations read from the data set LIN.MERGE_ALL_EMPLOYEES.
NOTE: The data set LIN.ADD_TOTAL_DONATIONS has 124 observations and 21 variables.
NOTE: DATA statement used (Total process time):
      real time           0.16 seconds
      cpu time            0.00 seconds


192  proc print data = lin.add_total_donations;title 'ADD_Total_Donations';
193  run;

NOTE: There were 124 observations read from the data set LIN.ADD_TOTAL_DONATIONS.
NOTE: PROCEDURE PRINT used (Total process time):
      real time           0.14 seconds
      cpu time            0.11 seconds


194
195
196  libname lin "C:\Users\PhotonUser\My Files\Google Drive\My Drive\Project";
NOTE: Libref LIN was successfully assigned as follows:
      Engine:        V9
      Physical Name: C:\Users\PhotonUser\My Files\Google Drive\My Drive\Project
197  data lin.only_salary_birthdate(Keep= Salary Birth_Date);
198  set lin.merge_all_employees;
199  format Salary dollar11.2;

NOTE: There were 124 observations read from the data set LIN.MERGE_ALL_EMPLOYEES.
NOTE: The data set LIN.ONLY_SALARY_BIRTHDATE has 124 observations and 2 variables.
NOTE: DATA statement used (Total process time):
      real time           0.14 seconds
      cpu time            0.00 seconds


200  proc print data=lin.only_salary_birthdate;title 'Only Salary & Birth Date';
201  run;

NOTE: There were 124 observations read from the data set LIN.ONLY_SALARY_BIRTHDATE.
NOTE: PROCEDURE PRINT used (Total process time):
      real time           0.05 seconds
      cpu time            0.04 seconds


202
203  libname lin "C:\Users\PhotonUser\My Files\Google Drive\My Drive\Project";
NOTE: Libref LIN was successfully assigned as follows:
      Engine:        V9
      Physical Name: C:\Users\PhotonUser\My Files\Google Drive\My Drive\Project
204  data lin.frequency_donations;
205  set lin.add_total_donations;

NOTE: There were 124 observations read from the data set LIN.ADD_TOTAL_DONATIONS.
NOTE: The data set LIN.FREQUENCY_DONATIONS has 124 observations and 21 variables.
NOTE: DATA statement used (Total process time):
      real time           0.28 seconds
      cpu time            0.01 seconds


206  proc freq data=lin.frequency_donations;Tables Total_Donations;title 'Frequency of Donations';
207  run;

NOTE: There were 124 observations read from the data set LIN.FREQUENCY_DONATIONS.
NOTE: PROCEDURE FREQ used (Total process time):
      real time           0.06 seconds
      cpu time            0.03 seconds


208
209  libname lin "C:\Users\PhotonUser\My Files\Google Drive\My Drive\Project";
NOTE: Libref LIN was successfully assigned as follows:
      Engine:        V9
      Physical Name: C:\Users\PhotonUser\My Files\Google Drive\My Drive\Project
210  /*The data represents the distribution and percentages of martial statuses among 53 female and 71 males in the company, male
210! has more single than women*/
211  data lin.cross_frequency;
212  set lin.merge_all_employees;

NOTE: There were 124 observations read from the data set LIN.MERGE_ALL_EMPLOYEES.
NOTE: The data set LIN.CROSS_FREQUENCY has 124 observations and 20 variables.
NOTE: DATA statement used (Total process time):
      real time           0.16 seconds
      cpu time            0.00 seconds


213  proc freq data=lin.cross_frequency;Tables Employee_Gender*Martial_Status;title 'Cross Frequency of Gender & MartialStatus';
214  run;

NOTE: There were 124 observations read from the data set LIN.CROSS_FREQUENCY.
NOTE: PROCEDURE FREQ used (Total process time):
      real time           0.02 seconds
      cpu time            0.00 seconds


215
216  libname lin "C:\Users\PhotonUser\My Files\Google Drive\My Drive\Project";
NOTE: Libref LIN was successfully assigned as follows:
      Engine:        V9
      Physical Name: C:\Users\PhotonUser\My Files\Google Drive\My Drive\Project
217  /*Steiber Reginald, Favaron Louis, Lansberry, Dennis, who Donates the Most of 140 in total*/
218  data lin.donates_most_money;
219  set lin.add_total_donations;

NOTE: There were 124 observations read from the data set LIN.ADD_TOTAL_DONATIONS.
NOTE: The data set LIN.DONATES_MOST_MONEY has 124 observations and 21 variables.
NOTE: DATA statement used (Total process time):
      real time           0.12 seconds
      cpu time            0.01 seconds


220  proc sort;by Descending Total_Donations;

NOTE: There were 124 observations read from the data set LIN.DONATES_MOST_MONEY.
NOTE: The data set LIN.DONATES_MOST_MONEY has 124 observations and 21 variables.
NOTE: PROCEDURE SORT used (Total process time):
      real time           0.12 seconds
      cpu time            0.01 seconds


221  proc print data = lin.donates_most_money;title 'Donates_Most_Money';
222  run;

NOTE: There were 124 observations read from the data set LIN.DONATES_MOST_MONEY.
NOTE: PROCEDURE PRINT used (Total process time):
      real time           0.26 seconds
      cpu time            0.18 seconds


223
224  libname lin "C:\Users\PhotonUser\My Files\Google Drive\My Drive\Project";
NOTE: Libref LIN was successfully assigned as follows:
      Engine:        V9
      Physical Name: C:\Users\PhotonUser\My Files\Google Drive\My Drive\Project
225  /*Tucker Berether has the highest percentage of Donation on salary of 0.224% */
226  data lin.donation_percentage;
227  set lin.add_total_donations;
228  Donation_of_Salary_Percentage = (Total_Donations/Salary)*100;

NOTE: Missing values were generated as a result of performing an operation on missing values.
      Each place is given by: (Number of times) at (Line):(Column).
      36 at 228:49
NOTE: There were 124 observations read from the data set LIN.ADD_TOTAL_DONATIONS.
NOTE: The data set LIN.DONATION_PERCENTAGE has 124 observations and 22 variables.
NOTE: DATA statement used (Total process time):
      real time           0.22 seconds
      cpu time            0.01 seconds


229  proc sort;by Descending Donation_of_Salary_Percentage;

NOTE: There were 124 observations read from the data set LIN.DONATION_PERCENTAGE.
NOTE: The data set LIN.DONATION_PERCENTAGE has 124 observations and 22 variables.
NOTE: PROCEDURE SORT used (Total process time):
      real time           0.14 seconds
      cpu time            0.01 seconds


230  proc print data = lin.donation_percentage;title 'Donation_of_Salary_Percentag';
231  run;

NOTE: There were 124 observations read from the data set LIN.DONATION_PERCENTAGE.
NOTE: PROCEDURE PRINT used (Total process time):
      real time           0.19 seconds
      cpu time            0.15 seconds


232
233
234  libname lin "C:\Users\PhotonUser\My Files\Google Drive\My Drive\Project";
NOTE: Libref LIN was successfully assigned as follows:
      Engine:        V9
      Physical Name: C:\Users\PhotonUser\My Files\Google Drive\My Drive\Project
235  /*Magolan Julienne is the oldest person of 03/01/1944*/
236  data lin.oldest_person;
237  set lin.merge_all_employees;
238  format Birth_date ddmmyy10.;

NOTE: There were 124 observations read from the data set LIN.MERGE_ALL_EMPLOYEES.
NOTE: The data set LIN.OLDEST_PERSON has 124 observations and 20 variables.
NOTE: DATA statement used (Total process time):
      real time           0.17 seconds
      cpu time            0.00 seconds


239  proc sort; by Birth_Date;

NOTE: There were 124 observations read from the data set LIN.OLDEST_PERSON.
NOTE: The data set LIN.OLDEST_PERSON has 124 observations and 20 variables.
NOTE: PROCEDURE SORT used (Total process time):
      real time           0.18 seconds
      cpu time            0.00 seconds


240  proc print data = lin.oldest_person;title 'Oldest_Person';
241  run;

NOTE: There were 124 observations read from the data set LIN.OLDEST_PERSON.
NOTE: PROCEDURE PRINT used (Total process time):
      real time           0.15 seconds
      cpu time            0.12 seconds


242
243  libname lin "C:\Users\PhotonUser\My Files\Google Drive\My Drive\Project";
NOTE: Libref LIN was successfully assigned as follows:
      Engine:        V9
      Physical Name: C:\Users\PhotonUser\My Files\Google Drive\My Drive\Project
244  data lin.credit_card lin.cash_check lin.payroll_deduction;
245  set lin.merge_all_employees;
246  if Paid_By = 'Credit Card' then output lin.credit_card;
247  else if Paid_By = 'Cash or Check' then output lin.cash_check;
248  else if Paid_By = 'Payroll Deduction' then output lin.payroll_deduction;

NOTE: There were 124 observations read from the data set LIN.MERGE_ALL_EMPLOYEES.
NOTE: The data set LIN.CREDIT_CARD has 34 observations and 20 variables.
NOTE: The data set LIN.CASH_CHECK has 25 observations and 20 variables.
NOTE: The data set LIN.PAYROLL_DEDUCTION has 65 observations and 20 variables.
NOTE: DATA statement used (Total process time):
      real time           0.47 seconds
      cpu time            0.00 seconds


249  proc print data = lin.credit_card;title 'Credit_Card';

NOTE: There were 34 observations read from the data set LIN.CREDIT_CARD.
NOTE: PROCEDURE PRINT used (Total process time):
      real time           0.05 seconds
      cpu time            0.04 seconds


250  proc print data = lin.cash_check;title 'Cash or Check';

NOTE: There were 25 observations read from the data set LIN.CASH_CHECK.
NOTE: PROCEDURE PRINT used (Total process time):
      real time           0.04 seconds
      cpu time            0.01 seconds


251  proc print data = lin.payroll_deduction; title 'Payroll Deduction';
252  run;

NOTE: There were 65 observations read from the data set LIN.PAYROLL_DEDUCTION.
NOTE: PROCEDURE PRINT used (Total process time):
      real time           0.07 seconds
      cpu time            0.06 seconds


253
254  libname lin "C:\Users\PhotonUser\My Files\Google Drive\My Drive\Project";
NOTE: Libref LIN was successfully assigned as follows:
      Engine:        V9
      Physical Name: C:\Users\PhotonUser\My Files\Google Drive\My Drive\Project
255  /*Those are the data from those who paid by cash or check*/
256  data lin.cash_check;
257  set lin.cash_check;

NOTE: There were 25 observations read from the data set LIN.CASH_CHECK.
NOTE: The data set LIN.CASH_CHECK has 25 observations and 20 variables.
NOTE: DATA statement used (Total process time):
      real time           0.14 seconds
      cpu time            0.01 seconds


258  proc print data = lin.cash_check;title 'Cash or Check';
259  run;

NOTE: There were 25 observations read from the data set LIN.CASH_CHECK.
NOTE: PROCEDURE PRINT used (Total process time):
      real time           0.05 seconds
      cpu time            0.03 seconds


260  libname lin "C:\Users\PhotonUser\My Files\Google Drive\My Drive\Project";
NOTE: Libref LIN was successfully assigned as follows:
      Engine:        V9
      Physical Name: C:\Users\PhotonUser\My Files\Google Drive\My Drive\Project
261  data lin.three_dependents;
262  set lin.merge_all_employees;
263  if dependents = '3';

NOTE: Character values have been converted to numeric values at the places given by: (Line):(Column).
      263:17
NOTE: There were 124 observations read from the data set LIN.MERGE_ALL_EMPLOYEES.
NOTE: The data set LIN.THREE_DEPENDENTS has 20 observations and 20 variables.
NOTE: DATA statement used (Total process time):
      real time           0.16 seconds
      cpu time            0.03 seconds


264  proc print label data=lin.three_dependents;
265  title 'Three Dependents';
266  label Employee_Gender = 'Gender'
267        State = 'STATE'
268        Street_ID = 'StreetID';
269        footnote 'Date for employee who have more than 3 dependents';
270        title3 'data';
271  run;

NOTE: There were 20 observations read from the data set LIN.THREE_DEPENDENTS.
NOTE: PROCEDURE PRINT used (Total process time):
      real time           0.05 seconds
      cpu time            0.03 seconds


